<?xml version="1.0" encoding="UTF-8"?>
<testsuite xmlns:xsi="http://www.w3.org/2001/XMLSchema-instance" xsi:noNamespaceSchemaLocation="https://maven.apache.org/surefire/maven-surefire-plugin/xsd/surefire-test-report.xsd" name="com.ahrtolia.HypermarketApplicationTests" time="8.518" tests="1" errors="0" skipped="0" failures="0">
  <properties>
    <property name="sun.desktop" value="windows"/>
    <property name="awt.toolkit" value="sun.awt.windows.WToolkit"/>
    <property name="file.encoding.pkg" value="sun.io"/>
    <property name="java.specification.version" value="1.8"/>
    <property name="sun.cpu.isalist" value="pentium_pro+mmx pentium_pro pentium+mmx pentium i486 i386 i86"/>
    <property name="sun.jnu.encoding" value="GBK"/>
    <property name="java.class.path" value="D:\ideaproject\springBoot\hypermarket\target\test-classes;D:\ideaproject\springBoot\hypermarket\target\classes;D:\RepMaven\org\mybatis\spring\boot\mybatis-spring-boot-starter\1.3.1\mybatis-spring-boot-starter-1.3.1.jar;D:\RepMaven\org\springframework\boot\spring-boot-starter\2.1.9.RELEASE\spring-boot-starter-2.1.9.RELEASE.jar;D:\RepMaven\org\springframework\boot\spring-boot-starter-logging\2.1.9.RELEASE\spring-boot-starter-logging-2.1.9.RELEASE.jar;D:\RepMaven\ch\qos\logback\logback-classic\1.2.3\logback-classic-1.2.3.jar;D:\RepMaven\ch\qos\logback\logback-core\1.2.3\logback-core-1.2.3.jar;D:\RepMaven\org\apache\logging\log4j\log4j-to-slf4j\2.11.2\log4j-to-slf4j-2.11.2.jar;D:\RepMaven\org\apache\logging\log4j\log4j-api\2.11.2\log4j-api-2.11.2.jar;D:\RepMaven\org\slf4j\jul-to-slf4j\1.7.28\jul-to-slf4j-1.7.28.jar;D:\RepMaven\org\yaml\snakeyaml\1.23\snakeyaml-1.23.jar;D:\RepMaven\org\springframework\boot\spring-boot-starter-jdbc\2.1.9.RELEASE\spring-boot-starter-jdbc-2.1.9.RELEASE.jar;D:\RepMaven\com\zaxxer\HikariCP\3.2.0\HikariCP-3.2.0.jar;D:\RepMaven\org\springframework\spring-jdbc\5.1.10.RELEASE\spring-jdbc-5.1.10.RELEASE.jar;D:\RepMaven\org\springframework\spring-tx\5.1.10.RELEASE\spring-tx-5.1.10.RELEASE.jar;D:\RepMaven\org\mybatis\spring\boot\mybatis-spring-boot-autoconfigure\1.3.1\mybatis-spring-boot-autoconfigure-1.3.1.jar;D:\RepMaven\org\mybatis\mybatis\3.4.5\mybatis-3.4.5.jar;D:\RepMaven\org\mybatis\mybatis-spring\1.3.1\mybatis-spring-1.3.1.jar;D:\RepMaven\org\apache\tomcat\embed\tomcat-embed-jasper\9.0.26\tomcat-embed-jasper-9.0.26.jar;D:\RepMaven\org\apache\tomcat\embed\tomcat-embed-core\9.0.26\tomcat-embed-core-9.0.26.jar;D:\RepMaven\org\apache\tomcat\tomcat-annotations-api\9.0.26\tomcat-annotations-api-9.0.26.jar;D:\RepMaven\org\apache\tomcat\embed\tomcat-embed-el\9.0.26\tomcat-embed-el-9.0.26.jar;D:\RepMaven\org\eclipse\jdt\ecj\3.18.0\ecj-3.18.0.jar;D:\RepMaven\org\springframework\boot\spring-boot-starter-web\2.1.9.RELEASE\spring-boot-starter-web-2.1.9.RELEASE.jar;D:\RepMaven\org\springframework\boot\spring-boot-starter-json\2.1.9.RELEASE\spring-boot-starter-json-2.1.9.RELEASE.jar;D:\RepMaven\com\fasterxml\jackson\core\jackson-databind\2.9.9.3\jackson-databind-2.9.9.3.jar;D:\RepMaven\com\fasterxml\jackson\core\jackson-core\2.9.9\jackson-core-2.9.9.jar;D:\RepMaven\com\fasterxml\jackson\datatype\jackson-datatype-jdk8\2.9.9\jackson-datatype-jdk8-2.9.9.jar;D:\RepMaven\com\fasterxml\jackson\datatype\jackson-datatype-jsr310\2.9.9\jackson-datatype-jsr310-2.9.9.jar;D:\RepMaven\com\fasterxml\jackson\module\jackson-module-parameter-names\2.9.9\jackson-module-parameter-names-2.9.9.jar;D:\RepMaven\org\hibernate\validator\hibernate-validator\6.0.17.Final\hibernate-validator-6.0.17.Final.jar;D:\RepMaven\javax\validation\validation-api\2.0.1.Final\validation-api-2.0.1.Final.jar;D:\RepMaven\org\jboss\logging\jboss-logging\3.3.3.Final\jboss-logging-3.3.3.Final.jar;D:\RepMaven\org\springframework\spring-web\5.1.10.RELEASE\spring-web-5.1.10.RELEASE.jar;D:\RepMaven\org\springframework\spring-beans\5.1.10.RELEASE\spring-beans-5.1.10.RELEASE.jar;D:\RepMaven\org\springframework\spring-webmvc\5.1.10.RELEASE\spring-webmvc-5.1.10.RELEASE.jar;D:\RepMaven\org\springframework\spring-aop\5.1.10.RELEASE\spring-aop-5.1.10.RELEASE.jar;D:\RepMaven\org\springframework\spring-context\5.1.10.RELEASE\spring-context-5.1.10.RELEASE.jar;D:\RepMaven\org\springframework\spring-expression\5.1.10.RELEASE\spring-expression-5.1.10.RELEASE.jar;D:\RepMaven\mysql\mysql-connector-java\8.0.17\mysql-connector-java-8.0.17.jar;D:\RepMaven\org\springframework\boot\spring-boot-starter-tomcat\2.1.9.RELEASE\spring-boot-starter-tomcat-2.1.9.RELEASE.jar;D:\RepMaven\javax\annotation\javax.annotation-api\1.3.2\javax.annotation-api-1.3.2.jar;D:\RepMaven\org\apache\tomcat\embed\tomcat-embed-websocket\9.0.26\tomcat-embed-websocket-9.0.26.jar;D:\RepMaven\org\springframework\boot\spring-boot-starter-test\2.1.9.RELEASE\spring-boot-starter-test-2.1.9.RELEASE.jar;D:\RepMaven\org\springframework\boot\spring-boot-test\2.1.9.RELEASE\spring-boot-test-2.1.9.RELEASE.jar;D:\RepMaven\org\springframework\boot\spring-boot-test-autoconfigure\2.1.9.RELEASE\spring-boot-test-autoconfigure-2.1.9.RELEASE.jar;D:\RepMaven\com\jayway\jsonpath\json-path\2.4.0\json-path-2.4.0.jar;D:\RepMaven\net\minidev\json-smart\2.3\json-smart-2.3.jar;D:\RepMaven\net\minidev\accessors-smart\1.2\accessors-smart-1.2.jar;D:\RepMaven\org\ow2\asm\asm\5.0.4\asm-5.0.4.jar;D:\RepMaven\org\assertj\assertj-core\3.11.1\assertj-core-3.11.1.jar;D:\RepMaven\org\mockito\mockito-core\2.23.4\mockito-core-2.23.4.jar;D:\RepMaven\net\bytebuddy\byte-buddy\1.9.16\byte-buddy-1.9.16.jar;D:\RepMaven\net\bytebuddy\byte-buddy-agent\1.9.16\byte-buddy-agent-1.9.16.jar;D:\RepMaven\org\objenesis\objenesis\2.6\objenesis-2.6.jar;D:\RepMaven\org\hamcrest\hamcrest-core\1.3\hamcrest-core-1.3.jar;D:\RepMaven\org\hamcrest\hamcrest-library\1.3\hamcrest-library-1.3.jar;D:\RepMaven\org\skyscreamer\jsonassert\1.5.0\jsonassert-1.5.0.jar;D:\RepMaven\com\vaadin\external\google\android-json\0.0.20131108.vaadin1\android-json-0.0.20131108.vaadin1.jar;D:\RepMaven\org\springframework\spring-core\5.1.10.RELEASE\spring-core-5.1.10.RELEASE.jar;D:\RepMaven\org\springframework\spring-jcl\5.1.10.RELEASE\spring-jcl-5.1.10.RELEASE.jar;D:\RepMaven\org\springframework\spring-test\5.1.10.RELEASE\spring-test-5.1.10.RELEASE.jar;D:\RepMaven\org\xmlunit\xmlunit-core\2.6.3\xmlunit-core-2.6.3.jar;D:\RepMaven\org\springframework\boot\spring-boot-devtools\2.1.9.RELEASE\spring-boot-devtools-2.1.9.RELEASE.jar;D:\RepMaven\org\springframework\boot\spring-boot\2.1.9.RELEASE\spring-boot-2.1.9.RELEASE.jar;D:\RepMaven\org\springframework\boot\spring-boot-autoconfigure\2.1.9.RELEASE\spring-boot-autoconfigure-2.1.9.RELEASE.jar;D:\RepMaven\junit\junit\4.12\junit-4.12.jar;D:\RepMaven\org\apache\httpcomponents\httpclient\4.5.3\httpclient-4.5.3.jar;D:\RepMaven\org\apache\httpcomponents\httpcore\4.4.12\httpcore-4.4.12.jar;D:\RepMaven\commons-codec\commons-codec\1.11\commons-codec-1.11.jar;D:\RepMaven\jstl\jstl\1.2\jstl-1.2.jar;D:\RepMaven\javax\servlet\javax.servlet-api\3.1.0\javax.servlet-api-3.1.0.jar;D:\RepMaven\com\alibaba\fastjson\1.2.41\fastjson-1.2.41.jar;D:\RepMaven\com\github\qcloudsms\qcloudsms\1.0.6\qcloudsms-1.0.6.jar;D:\RepMaven\org\json\json\20170516\json-20170516.jar;D:\RepMaven\org\apache\httpcomponents\httpmime\4.5.10\httpmime-4.5.10.jar;D:\RepMaven\commons-io\commons-io\2.5\commons-io-2.5.jar;D:\RepMaven\commons-fileupload\commons-fileupload\1.3.1\commons-fileupload-1.3.1.jar;D:\RepMaven\javax\mail\mail\1.4.7\mail-1.4.7.jar;D:\RepMaven\javax\activation\activation\1.1\activation-1.1.jar;D:\RepMaven\io\springfox\springfox-swagger2\2.7.0\springfox-swagger2-2.7.0.jar;D:\RepMaven\io\swagger\swagger-annotations\1.5.13\swagger-annotations-1.5.13.jar;D:\RepMaven\io\swagger\swagger-models\1.5.13\swagger-models-1.5.13.jar;D:\RepMaven\com\fasterxml\jackson\core\jackson-annotations\2.9.0\jackson-annotations-2.9.0.jar;D:\RepMaven\io\springfox\springfox-spi\2.7.0\springfox-spi-2.7.0.jar;D:\RepMaven\io\springfox\springfox-core\2.7.0\springfox-core-2.7.0.jar;D:\RepMaven\io\springfox\springfox-schema\2.7.0\springfox-schema-2.7.0.jar;D:\RepMaven\io\springfox\springfox-swagger-common\2.7.0\springfox-swagger-common-2.7.0.jar;D:\RepMaven\io\springfox\springfox-spring-web\2.7.0\springfox-spring-web-2.7.0.jar;D:\RepMaven\org\reflections\reflections\0.9.11\reflections-0.9.11.jar;D:\RepMaven\org\javassist\javassist\3.21.0-GA\javassist-3.21.0-GA.jar;D:\RepMaven\com\google\guava\guava\18.0\guava-18.0.jar;D:\RepMaven\com\fasterxml\classmate\1.4.0\classmate-1.4.0.jar;D:\RepMaven\org\slf4j\slf4j-api\1.7.28\slf4j-api-1.7.28.jar;D:\RepMaven\org\springframework\plugin\spring-plugin-core\1.2.0.RELEASE\spring-plugin-core-1.2.0.RELEASE.jar;D:\RepMaven\org\springframework\plugin\spring-plugin-metadata\1.2.0.RELEASE\spring-plugin-metadata-1.2.0.RELEASE.jar;D:\RepMaven\org\mapstruct\mapstruct\1.1.0.Final\mapstruct-1.1.0.Final.jar;D:\RepMaven\io\springfox\springfox-swagger-ui\2.7.0\springfox-swagger-ui-2.7.0.jar;"/>
    <property name="java.vm.vendor" value="Oracle Corporation"/>
    <property name="sun.arch.data.model" value="32"/>
    <property name="user.variant" value=""/>
    <property name="java.vendor.url" value="http://java.oracle.com/"/>
    <property name="user.timezone" value="Asia/Shanghai"/>
    <property name="java.vm.specification.version" value="1.8"/>
    <property name="os.name" value="Windows 10"/>
    <property name="user.country" value="CN"/>
    <property name="sun.java.launcher" value="SUN_STANDARD"/>
    <property name="sun.boot.library.path" value="D:\JDK\jdk1.8.0_181\jre\bin"/>
    <property name="sun.java.command" value="C:\Users\落叶\AppData\Local\Temp\surefire6646471066227074921\surefirebooter7833662964800523110.jar C:\Users\落叶\AppData\Local\Temp\surefire6646471066227074921 2019-10-13T20-18-52_417-jvmRun1 surefire3901823080425755315tmp surefire_04860803370751214673tmp"/>
    <property name="surefire.test.class.path" value="D:\ideaproject\springBoot\hypermarket\target\test-classes;D:\ideaproject\springBoot\hypermarket\target\classes;D:\RepMaven\org\mybatis\spring\boot\mybatis-spring-boot-starter\1.3.1\mybatis-spring-boot-starter-1.3.1.jar;D:\RepMaven\org\springframework\boot\spring-boot-starter\2.1.9.RELEASE\spring-boot-starter-2.1.9.RELEASE.jar;D:\RepMaven\org\springframework\boot\spring-boot-starter-logging\2.1.9.RELEASE\spring-boot-starter-logging-2.1.9.RELEASE.jar;D:\RepMaven\ch\qos\logback\logback-classic\1.2.3\logback-classic-1.2.3.jar;D:\RepMaven\ch\qos\logback\logback-core\1.2.3\logback-core-1.2.3.jar;D:\RepMaven\org\apache\logging\log4j\log4j-to-slf4j\2.11.2\log4j-to-slf4j-2.11.2.jar;D:\RepMaven\org\apache\logging\log4j\log4j-api\2.11.2\log4j-api-2.11.2.jar;D:\RepMaven\org\slf4j\jul-to-slf4j\1.7.28\jul-to-slf4j-1.7.28.jar;D:\RepMaven\org\yaml\snakeyaml\1.23\snakeyaml-1.23.jar;D:\RepMaven\org\springframework\boot\spring-boot-starter-jdbc\2.1.9.RELEASE\spring-boot-starter-jdbc-2.1.9.RELEASE.jar;D:\RepMaven\com\zaxxer\HikariCP\3.2.0\HikariCP-3.2.0.jar;D:\RepMaven\org\springframework\spring-jdbc\5.1.10.RELEASE\spring-jdbc-5.1.10.RELEASE.jar;D:\RepMaven\org\springframework\spring-tx\5.1.10.RELEASE\spring-tx-5.1.10.RELEASE.jar;D:\RepMaven\org\mybatis\spring\boot\mybatis-spring-boot-autoconfigure\1.3.1\mybatis-spring-boot-autoconfigure-1.3.1.jar;D:\RepMaven\org\mybatis\mybatis\3.4.5\mybatis-3.4.5.jar;D:\RepMaven\org\mybatis\mybatis-spring\1.3.1\mybatis-spring-1.3.1.jar;D:\RepMaven\org\apache\tomcat\embed\tomcat-embed-jasper\9.0.26\tomcat-embed-jasper-9.0.26.jar;D:\RepMaven\org\apache\tomcat\embed\tomcat-embed-core\9.0.26\tomcat-embed-core-9.0.26.jar;D:\RepMaven\org\apache\tomcat\tomcat-annotations-api\9.0.26\tomcat-annotations-api-9.0.26.jar;D:\RepMaven\org\apache\tomcat\embed\tomcat-embed-el\9.0.26\tomcat-embed-el-9.0.26.jar;D:\RepMaven\org\eclipse\jdt\ecj\3.18.0\ecj-3.18.0.jar;D:\RepMaven\org\springframework\boot\spring-boot-starter-web\2.1.9.RELEASE\spring-boot-starter-web-2.1.9.RELEASE.jar;D:\RepMaven\org\springframework\boot\spring-boot-starter-json\2.1.9.RELEASE\spring-boot-starter-json-2.1.9.RELEASE.jar;D:\RepMaven\com\fasterxml\jackson\core\jackson-databind\2.9.9.3\jackson-databind-2.9.9.3.jar;D:\RepMaven\com\fasterxml\jackson\core\jackson-core\2.9.9\jackson-core-2.9.9.jar;D:\RepMaven\com\fasterxml\jackson\datatype\jackson-datatype-jdk8\2.9.9\jackson-datatype-jdk8-2.9.9.jar;D:\RepMaven\com\fasterxml\jackson\datatype\jackson-datatype-jsr310\2.9.9\jackson-datatype-jsr310-2.9.9.jar;D:\RepMaven\com\fasterxml\jackson\module\jackson-module-parameter-names\2.9.9\jackson-module-parameter-names-2.9.9.jar;D:\RepMaven\org\hibernate\validator\hibernate-validator\6.0.17.Final\hibernate-validator-6.0.17.Final.jar;D:\RepMaven\javax\validation\validation-api\2.0.1.Final\validation-api-2.0.1.Final.jar;D:\RepMaven\org\jboss\logging\jboss-logging\3.3.3.Final\jboss-logging-3.3.3.Final.jar;D:\RepMaven\org\springframework\spring-web\5.1.10.RELEASE\spring-web-5.1.10.RELEASE.jar;D:\RepMaven\org\springframework\spring-beans\5.1.10.RELEASE\spring-beans-5.1.10.RELEASE.jar;D:\RepMaven\org\springframework\spring-webmvc\5.1.10.RELEASE\spring-webmvc-5.1.10.RELEASE.jar;D:\RepMaven\org\springframework\spring-aop\5.1.10.RELEASE\spring-aop-5.1.10.RELEASE.jar;D:\RepMaven\org\springframework\spring-context\5.1.10.RELEASE\spring-context-5.1.10.RELEASE.jar;D:\RepMaven\org\springframework\spring-expression\5.1.10.RELEASE\spring-expression-5.1.10.RELEASE.jar;D:\RepMaven\mysql\mysql-connector-java\8.0.17\mysql-connector-java-8.0.17.jar;D:\RepMaven\org\springframework\boot\spring-boot-starter-tomcat\2.1.9.RELEASE\spring-boot-starter-tomcat-2.1.9.RELEASE.jar;D:\RepMaven\javax\annotation\javax.annotation-api\1.3.2\javax.annotation-api-1.3.2.jar;D:\RepMaven\org\apache\tomcat\embed\tomcat-embed-websocket\9.0.26\tomcat-embed-websocket-9.0.26.jar;D:\RepMaven\org\springframework\boot\spring-boot-starter-test\2.1.9.RELEASE\spring-boot-starter-test-2.1.9.RELEASE.jar;D:\RepMaven\org\springframework\boot\spring-boot-test\2.1.9.RELEASE\spring-boot-test-2.1.9.RELEASE.jar;D:\RepMaven\org\springframework\boot\spring-boot-test-autoconfigure\2.1.9.RELEASE\spring-boot-test-autoconfigure-2.1.9.RELEASE.jar;D:\RepMaven\com\jayway\jsonpath\json-path\2.4.0\json-path-2.4.0.jar;D:\RepMaven\net\minidev\json-smart\2.3\json-smart-2.3.jar;D:\RepMaven\net\minidev\accessors-smart\1.2\accessors-smart-1.2.jar;D:\RepMaven\org\ow2\asm\asm\5.0.4\asm-5.0.4.jar;D:\RepMaven\org\assertj\assertj-core\3.11.1\assertj-core-3.11.1.jar;D:\RepMaven\org\mockito\mockito-core\2.23.4\mockito-core-2.23.4.jar;D:\RepMaven\net\bytebuddy\byte-buddy\1.9.16\byte-buddy-1.9.16.jar;D:\RepMaven\net\bytebuddy\byte-buddy-agent\1.9.16\byte-buddy-agent-1.9.16.jar;D:\RepMaven\org\objenesis\objenesis\2.6\objenesis-2.6.jar;D:\RepMaven\org\hamcrest\hamcrest-core\1.3\hamcrest-core-1.3.jar;D:\RepMaven\org\hamcrest\hamcrest-library\1.3\hamcrest-library-1.3.jar;D:\RepMaven\org\skyscreamer\jsonassert\1.5.0\jsonassert-1.5.0.jar;D:\RepMaven\com\vaadin\external\google\android-json\0.0.20131108.vaadin1\android-json-0.0.20131108.vaadin1.jar;D:\RepMaven\org\springframework\spring-core\5.1.10.RELEASE\spring-core-5.1.10.RELEASE.jar;D:\RepMaven\org\springframework\spring-jcl\5.1.10.RELEASE\spring-jcl-5.1.10.RELEASE.jar;D:\RepMaven\org\springframework\spring-test\5.1.10.RELEASE\spring-test-5.1.10.RELEASE.jar;D:\RepMaven\org\xmlunit\xmlunit-core\2.6.3\xmlunit-core-2.6.3.jar;D:\RepMaven\org\springframework\boot\spring-boot-devtools\2.1.9.RELEASE\spring-boot-devtools-2.1.9.RELEASE.jar;D:\RepMaven\org\springframework\boot\spring-boot\2.1.9.RELEASE\spring-boot-2.1.9.RELEASE.jar;D:\RepMaven\org\springframework\boot\spring-boot-autoconfigure\2.1.9.RELEASE\spring-boot-autoconfigure-2.1.9.RELEASE.jar;D:\RepMaven\junit\junit\4.12\junit-4.12.jar;D:\RepMaven\org\apache\httpcomponents\httpclient\4.5.3\httpclient-4.5.3.jar;D:\RepMaven\org\apache\httpcomponents\httpcore\4.4.12\httpcore-4.4.12.jar;D:\RepMaven\commons-codec\commons-codec\1.11\commons-codec-1.11.jar;D:\RepMaven\jstl\jstl\1.2\jstl-1.2.jar;D:\RepMaven\javax\servlet\javax.servlet-api\3.1.0\javax.servlet-api-3.1.0.jar;D:\RepMaven\com\alibaba\fastjson\1.2.41\fastjson-1.2.41.jar;D:\RepMaven\com\github\qcloudsms\qcloudsms\1.0.6\qcloudsms-1.0.6.jar;D:\RepMaven\org\json\json\20170516\json-20170516.jar;D:\RepMaven\org\apache\httpcomponents\httpmime\4.5.10\httpmime-4.5.10.jar;D:\RepMaven\commons-io\commons-io\2.5\commons-io-2.5.jar;D:\RepMaven\commons-fileupload\commons-fileupload\1.3.1\commons-fileupload-1.3.1.jar;D:\RepMaven\javax\mail\mail\1.4.7\mail-1.4.7.jar;D:\RepMaven\javax\activation\activation\1.1\activation-1.1.jar;D:\RepMaven\io\springfox\springfox-swagger2\2.7.0\springfox-swagger2-2.7.0.jar;D:\RepMaven\io\swagger\swagger-annotations\1.5.13\swagger-annotations-1.5.13.jar;D:\RepMaven\io\swagger\swagger-models\1.5.13\swagger-models-1.5.13.jar;D:\RepMaven\com\fasterxml\jackson\core\jackson-annotations\2.9.0\jackson-annotations-2.9.0.jar;D:\RepMaven\io\springfox\springfox-spi\2.7.0\springfox-spi-2.7.0.jar;D:\RepMaven\io\springfox\springfox-core\2.7.0\springfox-core-2.7.0.jar;D:\RepMaven\io\springfox\springfox-schema\2.7.0\springfox-schema-2.7.0.jar;D:\RepMaven\io\springfox\springfox-swagger-common\2.7.0\springfox-swagger-common-2.7.0.jar;D:\RepMaven\io\springfox\springfox-spring-web\2.7.0\springfox-spring-web-2.7.0.jar;D:\RepMaven\org\reflections\reflections\0.9.11\reflections-0.9.11.jar;D:\RepMaven\org\javassist\javassist\3.21.0-GA\javassist-3.21.0-GA.jar;D:\RepMaven\com\google\guava\guava\18.0\guava-18.0.jar;D:\RepMaven\com\fasterxml\classmate\1.4.0\classmate-1.4.0.jar;D:\RepMaven\org\slf4j\slf4j-api\1.7.28\slf4j-api-1.7.28.jar;D:\RepMaven\org\springframework\plugin\spring-plugin-core\1.2.0.RELEASE\spring-plugin-core-1.2.0.RELEASE.jar;D:\RepMaven\org\springframework\plugin\spring-plugin-metadata\1.2.0.RELEASE\spring-plugin-metadata-1.2.0.RELEASE.jar;D:\RepMaven\org\mapstruct\mapstruct\1.1.0.Final\mapstruct-1.1.0.Final.jar;D:\RepMaven\io\springfox\springfox-swagger-ui\2.7.0\springfox-swagger-ui-2.7.0.jar;"/>
    <property name="sun.cpu.endian" value="little"/>
    <property name="user.home" value="C:\Users\落叶"/>
    <property name="user.language" value="zh"/>
    <property name="java.specification.vendor" value="Oracle Corporation"/>
    <property name="java.home" value="D:\JDK\jdk1.8.0_181\jre"/>
    <property name="basedir" value="D:\ideaproject\springBoot\hypermarket"/>
    <property name="file.separator" value="\"/>
    <property name="line.separator" value="&#10;"/>
    <property name="java.vm.specification.vendor" value="Oracle Corporation"/>
    <property name="java.specification.name" value="Java Platform API Specification"/>
    <property name="java.awt.graphicsenv" value="sun.awt.Win32GraphicsEnvironment"/>
    <property name="surefire.real.class.path" value="C:\Users\落叶\AppData\Local\Temp\surefire6646471066227074921\surefirebooter7833662964800523110.jar"/>
    <property name="sun.boot.class.path" value="D:\JDK\jdk1.8.0_181\jre\lib\resources.jar;D:\JDK\jdk1.8.0_181\jre\lib\rt.jar;D:\JDK\jdk1.8.0_181\jre\lib\sunrsasign.jar;D:\JDK\jdk1.8.0_181\jre\lib\jsse.jar;D:\JDK\jdk1.8.0_181\jre\lib\jce.jar;D:\JDK\jdk1.8.0_181\jre\lib\charsets.jar;D:\JDK\jdk1.8.0_181\jre\lib\jfr.jar;D:\JDK\jdk1.8.0_181\jre\classes"/>
    <property name="user.script" value=""/>
    <property name="sun.management.compiler" value="HotSpot Client Compiler"/>
    <property name="java.runtime.version" value="1.8.0_181-b13"/>
    <property name="user.name" value="落叶"/>
    <property name="path.separator" value=";"/>
    <property name="os.version" value="10.0"/>
    <property name="java.endorsed.dirs" value="D:\JDK\jdk1.8.0_181\jre\lib\endorsed"/>
    <property name="java.runtime.name" value="Java(TM) SE Runtime Environment"/>
    <property name="file.encoding" value="GBK"/>
    <property name="java.vm.name" value="Java HotSpot(TM) Client VM"/>
    <property name="localRepository" value="D:\RepMaven"/>
    <property name="java.vendor.url.bug" value="http://bugreport.sun.com/bugreport/"/>
    <property name="java.io.tmpdir" value="C:\Users\落叶\AppData\Local\Temp\"/>
    <property name="java.version" value="1.8.0_181"/>
    <property name="user.dir" value="D:\ideaproject\springBoot\hypermarket"/>
    <property name="os.arch" value="x86"/>
    <property name="java.vm.specification.name" value="Java Virtual Machine Specification"/>
    <property name="java.awt.printerjob" value="sun.awt.windows.WPrinterJob"/>
    <property name="idea.version2019.1.2" value="true"/>
    <property name="sun.os.patch.level" value=""/>
    <property name="java.library.path" value="D:\JDK\jdk1.8.0_181\jre\bin;C:\WINDOWS\Sun\Java\bin;C:\WINDOWS\system32;C:\WINDOWS;D:\secureCRT\SecureCRT\;D:\JAVA\java\jre\bin;C:\WINDOWS\system32;C:\WINDOWS;C:\WINDOWS\System32\Wbem;C:\WINDOWS\System32\WindowsPowerShell\v1.0\;D:\java\bin;D:\JAVA\java\jre\jre\bin;C:\Program Files (x86)\GtkSharp\2.12\bin;C:\Program Files\dotnet\;C:\WINDOWS\System32\OpenSSH\;D:\sql\bin;D:\Python;D:\Anaconda\anaconda-data\Scripts;D:\Program Files\Apache\maven\apache-maven-3.6.1\bin;D:\Git\Git\cmd;C:\Users\落叶\AppData\Local\Microsoft\WindowsApps\%MYSQL_HOME%\bin;;C:\Users\落叶\AppData\Local\Microsoft\WindowsApps;."/>
    <property name="java.vm.info" value="mixed mode"/>
    <property name="java.vendor" value="Oracle Corporation"/>
    <property name="java.vm.version" value="25.181-b13"/>
    <property name="java.ext.dirs" value="D:\JDK\jdk1.8.0_181\jre\lib\ext;C:\WINDOWS\Sun\Java\lib\ext"/>
    <property name="sun.io.unicode.encoding" value="UnicodeLittle"/>
    <property name="maven.repo.local" value="D:\RepMaven"/>
    <property name="java.class.version" value="52.0"/>
  </properties>
  <testcase name="contextLoads" classname="com.ahrtolia.HypermarketApplicationTests" time="0.422"/>
</testsuite>